#
# A fatal error has been detected by the Java Runtime Environment:
#
#  EXCEPTION_ACCESS_VIOLATION (0xc0000005) at pc=0x0000000062dc0c32, pid=4592, tid=11712
#
# JRE version: Java(TM) SE Runtime Environment (7.0_45-b18) (build 1.7.0_45-b18)
# Java VM: Java HotSpot(TM) 64-Bit Server VM (24.45-b08 mixed mode windows-amd64 compressed oops)
# Problematic frame:
# V  [jvm.dll+0x40c32]
#
# Failed to write core dump. Minidumps are not enabled by default on client versions of Windows
#
# If you would like to submit a bug report, please visit:
#   http://bugreport.sun.com/bugreport/crash.jsp
#

---------------  T H R E A D  ---------------

Current thread (0x00000000025b9000):  GCTaskThread [stack: 0x0000000005b30000,0x0000000005c30000] [id=11712]

siginfo: ExceptionCode=0xc0000005, reading address 0x0000000002a50223

Registers:
RAX=0x0000000002a5017b, RBX=0x00000000e12ffb40, RCX=0x00000000bb2fb268, RDX=0x00000000e12ffb40
RSP=0x0000000005c2f4d8, RBP=0x000000000269ed40, RSI=0x00000000e12ff2e0, RDI=0x00000000e12ffb40
R8 =0x0000000002a601b1, R9 =0x00000000bb2fb268, R10=0x0000000000000196, R11=0x00000000e12ffb60
R12=0x00000000e12ff384, R13=0x0000000000000031, R14=0x00000000e12ff2b0, R15=0x0000000000000031
RIP=0x0000000062dc0c32, EFLAGS=0x0000000000010202

Top of Stack: (sp=0x0000000005c2f4d8)
0x0000000005c2f4d8:   0000000062e51c3b 00000000e12ffb60
0x0000000005c2f4e8:   000000000269ed40 00000000e12ff2dc
0x0000000005c2f4f8:   0000000000000004 00000000e12ffb40
0x0000000005c2f508:   0000000062e946fa 0000000000000192
0x0000000005c2f518:   0000000062e6e009 00000000e12ff2b0
0x0000000005c2f528:   00000000e12ff2ac 000000000269ed40
0x0000000005c2f538:   0000000062e949ed 0000000000000000
0x0000000005c2f548:   00000000025b9230 00000000025b6c30
0x0000000005c2f558:   00000000e12ff2b0 0000000000000192
0x0000000005c2f568:   000000006311257c 000000000269ed40
0x0000000005c2f578:   0000000000000001 000000006333d4d0
0x0000000005c2f588:   000000006333d4d0 00000000634d3b50
0x0000000005c2f598:   0000000000000005 00000000c0e42a30
0x0000000005c2f5a8:   00000000631248ae 00000000c65265b4
0x0000000005c2f5b8:   0000000062e6e009 00000000ca5492a8
0x0000000005c2f5c8:   00000000025b6c30 00000000025b9240 

Instructions: (pc=0x0000000062dc0c32)
0x0000000062dc0c12:   e2 49 8d 0c 11 49 f7 d1 48 03 c1 49 c1 e9 03 48
0x0000000062dc0c22:   c1 e8 03 41 23 c1 c3 48 8b 02 48 8b d1 49 8b c9
0x0000000062dc0c32:   48 ff a0 a8 00 00 00 cc cc cc cc cc cc cc 80 3d
0x0000000062dc0c42:   f1 9f 70 00 00 48 8b c1 74 1f 8b 51 08 8b 0d 63 


Register to memory mapping:

RAX=0x0000000002a5017b is an unknown value
RBX=
[error occurred during error reporting (printing register info), id 0xc0000005]

Stack: [0x0000000005b30000,0x0000000005c30000],  sp=0x0000000005c2f4d8,  free space=1021k
Native frames: (J=compiled Java code, j=interpreted, Vv=VM code, C=native code)
V  [jvm.dll+0x40c32]


---------------  P R O C E S S  ---------------

Java Threads: ( => current thread )
  0x000000000847f800 JavaThread "Service Thread" daemon [_thread_blocked, id=6132, stack(0x0000000009c00000,0x0000000009d00000)]
  0x0000000008477000 JavaThread "C2 CompilerThread1" daemon [_thread_blocked, id=1628, stack(0x0000000009b00000,0x0000000009c00000)]
  0x0000000008473800 JavaThread "C2 CompilerThread0" daemon [_thread_blocked, id=7592, stack(0x0000000009a00000,0x0000000009b00000)]
  0x0000000008473000 JavaThread "Attach Listener" daemon [_thread_blocked, id=5172, stack(0x0000000009900000,0x0000000009a00000)]
  0x0000000008470000 JavaThread "Signal Dispatcher" daemon [_thread_blocked, id=7020, stack(0x0000000009800000,0x0000000009900000)]
  0x000000000843e800 JavaThread "Finalizer" daemon [_thread_blocked, id=3444, stack(0x0000000009700000,0x0000000009800000)]
  0x0000000008435800 JavaThread "Reference Handler" daemon [_thread_blocked, id=10048, stack(0x0000000009600000,0x0000000009700000)]
  0x00000000025a1000 JavaThread "main" [_thread_blocked, id=11972, stack(0x00000000023d0000,0x00000000024d0000)]

Other Threads:
  0x0000000008431800 VMThread [stack: 0x0000000009500000,0x0000000009600000] [id=4832]
  0x000000000849f800 WatcherThread [stack: 0x0000000009d00000,0x0000000009e00000] [id=4076]

=>0x00000000025b9000 (exited) GCTaskThread [stack: 0x0000000005b30000,0x0000000005c30000] [id=11712]

VM state:at safepoint (normal execution)

VM Mutex/Monitor currently owned by a thread:  ([mutex/lock_event])
[0x000000000259cac0] Threads_lock - owner thread: 0x0000000008431800
[0x000000000259ccc0] Heap_lock - owner thread: 0x00000000025a1000

Heap
 PSYoungGen      total 233472K, used 21292K [0x00000000eaa80000, 0x0000000100000000, 0x0000000100000000)
  eden space 117248K, 0% used [0x00000000eaa80000,0x00000000eaa80000,0x00000000f1d00000)
  from space 116224K, 18% used [0x00000000f8e80000,0x00000000fa34b1b0,0x0000000100000000)
  to   space 116224K, 0% used [0x00000000f1d00000,0x00000000f1d00000,0x00000000f8e80000)
 ParOldGen       total 698880K, used 670901K [0x00000000c0000000, 0x00000000eaa80000, 0x00000000eaa80000)
  object space 698880K, 95% used [0x00000000c0000000,0x00000000e8f2d748,0x00000000eaa80000)
 PSPermGen       total 21504K, used 5905K [0x00000000bae00000, 0x00000000bc300000, 0x00000000c0000000)
  object space 21504K, 27% used [0x00000000bae00000,0x00000000bb3c4430,0x00000000bc300000)

Card table byte_map: [0x00000000056a0000,0x00000000058d0000] byte_map_base: 0x00000000050c9000

Polling page: 0x0000000000bb0000

Code Cache  [0x00000000026a0000, 0x0000000002a20000, 0x00000000056a0000)
 total_blobs=1238 nmethods=1004 adapters=186 free_code_cache=45729Kb largest_free_block=46678144

Compilation events (10 events):
Event: 47.061 Thread 0x0000000008473800 1062             java.util.Date::getCalendarSystem (15 bytes)
Event: 47.062 Thread 0x0000000008477000 1063             java.util.Date::getTimeImpl (27 bytes)
Event: 47.062 Thread 0x0000000008473800 nmethod 1062 0x00000000029a6890 code [0x00000000029a69e0, 0x00000000029a6a48]
Event: 47.078 Thread 0x0000000008477000 nmethod 1063 0x0000000002755a50 code [0x0000000002755c20, 0x0000000002756510]
Event: 47.089 Thread 0x0000000008473800 1064             com.android.dx.command.dexer.Main$Arguments::access$700 (5 bytes)
Event: 47.090 Thread 0x0000000008473800 nmethod 1064 0x00000000029a65d0 code [0x00000000029a6700, 0x00000000029a6758]
Event: 47.201 Thread 0x0000000008477000 1065             com.android.dx.rop.annotation.Annotations::<init> (16 bytes)
Event: 47.202 Thread 0x0000000008477000 nmethod 1065 0x0000000002755690 code [0x00000000027557e0, 0x00000000027558d8]
Event: 47.404 Thread 0x0000000008473800 1066             com.android.dx.cf.direct.DirectClassFile::getFields (9 bytes)
Event: 47.404 Thread 0x0000000008473800 nmethod 1066 0x000000000288b290 code [0x000000000288b3c0, 0x000000000288b438]

GC Heap History (10 events):
Event: 46.323 GC heap after
Heap after GC invocations=42 (full 4):
 PSYoungGen      total 233472K, used 19254K [0x00000000eaa80000, 0x0000000100000000, 0x0000000100000000)
  eden space 117248K, 0% used [0x00000000eaa80000,0x00000000eaa80000,0x00000000f1d00000)
  from space 116224K, 16% used [0x00000000f8e80000,0x00000000fa14d880,0x0000000100000000)
  to   space 116224K, 0% used [0x00000000f1d00000,0x00000000f1d00000,0x00000000f8e80000)
 ParOldGen       total 698880K, used 600151K [0x00000000c0000000, 0x00000000eaa80000, 0x00000000eaa80000)
  object space 698880K, 85% used [0x00000000c0000000,0x00000000e4a15ee0,0x00000000eaa80000)
 PSPermGen       total 21504K, used 5901K [0x00000000bae00000, 0x00000000bc300000, 0x00000000c0000000)
  object space 21504K, 27% used [0x00000000bae00000,0x00000000bb3c3780,0x00000000bc300000)
}
Event: 46.797 GC heap before
{Heap before GC invocations=43 (full 4):
 PSYoungGen      total 233472K, used 136502K [0x00000000eaa80000, 0x0000000100000000, 0x0000000100000000)
  eden space 117248K, 100% used [0x00000000eaa80000,0x00000000f1d00000,0x00000000f1d00000)
  from space 116224K, 16% used [0x00000000f8e80000,0x00000000fa14d880,0x0000000100000000)
  to   space 116224K, 0% used [0x00000000f1d00000,0x00000000f1d00000,0x00000000f8e80000)
 ParOldGen       total 698880K, used 600151K [0x00000000c0000000, 0x00000000eaa80000, 0x00000000eaa80000)
  object space 698880K, 85% used [0x00000000c0000000,0x00000000e4a15ee0,0x00000000eaa80000)
 PSPermGen       total 21504K, used 5902K [0x00000000bae00000, 0x00000000bc300000, 0x00000000c0000000)
  object space 21504K, 27% used [0x00000000bae00000,0x00000000bb3c3b80,0x00000000bc300000)
Event: 46.847 GC heap after
Heap after GC invocations=43 (full 4):
 PSYoungGen      total 233472K, used 18880K [0x00000000eaa80000, 0x0000000100000000, 0x0000000100000000)
  eden space 117248K, 0% used [0x00000000eaa80000,0x00000000eaa80000,0x00000000f1d00000)
  from space 116224K, 16% used [0x00000000f1d00000,0x00000000f2f70000,0x00000000f8e80000)
  to   space 116224K, 0% used [0x00000000f8e80000,0x00000000f8e80000,0x0000000100000000)
 ParOldGen       total 698880K, used 618500K [0x00000000c0000000, 0x00000000eaa80000, 0x00000000eaa80000)
  object space 698880K, 88% used [0x00000000c0000000,0x00000000e5c013c0,0x00000000eaa80000)
 PSPermGen       total 21504K, used 5902K [0x00000000bae00000, 0x00000000bc300000, 0x00000000c0000000)
  object space 21504K, 27% used [0x00000000bae00000,0x00000000bb3c3b80,0x00000000bc300000)
}
Event: 47.319 GC heap before
{Heap before GC invocations=44 (full 4):
 PSYoungGen      total 233472K, used 136128K [0x00000000eaa80000, 0x0000000100000000, 0x0000000100000000)
  eden space 117248K, 100% used [0x00000000eaa80000,0x00000000f1d00000,0x00000000f1d00000)
  from space 116224K, 16% used [0x00000000f1d00000,0x00000000f2f70000,0x00000000f8e80000)
  to   space 116224K, 0% used [0x00000000f8e80000,0x00000000f8e80000,0x0000000100000000)
 ParOldGen       total 698880K, used 618500K [0x00000000c0000000, 0x00000000eaa80000, 0x00000000eaa80000)
  object space 698880K, 88% used [0x00000000c0000000,0x00000000e5c013c0,0x00000000eaa80000)
 PSPermGen       total 21504K, used 5903K [0x00000000bae00000, 0x00000000bc300000, 0x00000000c0000000)
  object space 21504K, 27% used [0x00000000bae00000,0x00000000bb3c3d38,0x00000000bc300000)
Event: 47.377 GC heap after
Heap after GC invocations=44 (full 4):
 PSYoungGen      total 233472K, used 19072K [0x00000000eaa80000, 0x0000000100000000, 0x0000000100000000)
  eden space 117248K, 0% used [0x00000000eaa80000,0x00000000eaa80000,0x00000000f1d00000)
  from space 116224K, 16% used [0x00000000f8e80000,0x00000000fa120010,0x0000000100000000)
  to   space 116224K, 0% used [0x00000000f1d00000,0x00000000f1d00000,0x00000000f8e80000)
 ParOldGen       total 698880K, used 636575K [0x00000000c0000000, 0x00000000eaa80000, 0x00000000eaa80000)
  object space 698880K, 91% used [0x00000000c0000000,0x00000000e6da7e08,0x00000000eaa80000)
 PSPermGen       total 21504K, used 5903K [0x00000000bae00000, 0x00000000bc300000, 0x00000000c0000000)
  object space 21504K, 27% used [0x00000000bae00000,0x00000000bb3c3d38,0x00000000bc300000)
}
Event: 47.763 GC heap before
{Heap before GC invocations=45 (full 4):
 PSYoungGen      total 233472K, used 136320K [0x00000000eaa80000, 0x0000000100000000, 0x0000000100000000)
  eden space 117248K, 100% used [0x00000000eaa80000,0x00000000f1d00000,0x00000000f1d00000)
  from space 116224K, 16% used [0x00000000f8e80000,0x00000000fa120010,0x0000000100000000)
  to   space 116224K, 0% used [0x00000000f1d00000,0x00000000f1d00000,0x00000000f8e80000)
 ParOldGen       total 698880K, used 636575K [0x00000000c0000000, 0x00000000eaa80000, 0x00000000eaa80000)
  object space 698880K, 91% used [0x00000000c0000000,0x00000000e6da7e08,0x00000000eaa80000)
 PSPermGen       total 21504K, used 5903K [0x00000000bae00000, 0x00000000bc300000, 0x00000000c0000000)
  object space 21504K, 27% used [0x00000000bae00000,0x00000000bb3c3d38,0x00000000bc300000)
Event: 47.823 GC heap after
Heap after GC invocations=45 (full 4):
 PSYoungGen      total 233472K, used 16704K [0x00000000eaa80000, 0x0000000100000000, 0x0000000100000000)
  eden space 117248K, 0% used [0x00000000eaa80000,0x00000000eaa80000,0x00000000f1d00000)
  from space 116224K, 14% used [0x00000000f1d00000,0x00000000f2d50000,0x00000000f8e80000)
  to   space 116224K, 0% used [0x00000000f8e80000,0x00000000f8e80000,0x0000000100000000)
 ParOldGen       total 698880K, used 654820K [0x00000000c0000000, 0x00000000eaa80000, 0x00000000eaa80000)
  object space 698880K, 93% used [0x00000000c0000000,0x00000000e7f79070,0x00000000eaa80000)
 PSPermGen       total 21504K, used 5903K [0x00000000bae00000, 0x00000000bc300000, 0x00000000c0000000)
  object space 21504K, 27% used [0x00000000bae00000,0x00000000bb3c3d38,0x00000000bc300000)
}
Event: 48.240 GC heap before
{Heap before GC invocations=46 (full 4):
 PSYoungGen      total 233472K, used 133952K [0x00000000eaa80000, 0x0000000100000000, 0x0000000100000000)
  eden space 117248K, 100% used [0x00000000eaa80000,0x00000000f1d00000,0x00000000f1d00000)
  from space 116224K, 14% used [0x00000000f1d00000,0x00000000f2d50000,0x00000000f8e80000)
  to   space 116224K, 0% used [0x00000000f8e80000,0x00000000f8e80000,0x0000000100000000)
 ParOldGen       total 698880K, used 654820K [0x00000000c0000000, 0x00000000eaa80000, 0x00000000eaa80000)
  object space 698880K, 93% used [0x00000000c0000000,0x00000000e7f79070,0x00000000eaa80000)
 PSPermGen       total 21504K, used 5905K [0x00000000bae00000, 0x00000000bc300000, 0x00000000c0000000)
  object space 21504K, 27% used [0x00000000bae00000,0x00000000bb3c4430,0x00000000bc300000)
Event: 48.328 GC heap after
Heap after GC invocations=46 (full 4):
 PSYoungGen      total 233472K, used 21292K [0x00000000eaa80000, 0x0000000100000000, 0x0000000100000000)
  eden space 117248K, 0% used [0x00000000eaa80000,0x00000000eaa80000,0x00000000f1d00000)
  from space 116224K, 18% used [0x00000000f8e80000,0x00000000fa34b1b0,0x0000000100000000)
  to   space 116224K, 0% used [0x00000000f1d00000,0x00000000f1d00000,0x00000000f8e80000)
 ParOldGen       total 698880K, used 670901K [0x00000000c0000000, 0x00000000eaa80000, 0x00000000eaa80000)
  object space 698880K, 95% used [0x00000000c0000000,0x00000000e8f2d748,0x00000000eaa80000)
 PSPermGen       total 21504K, used 5905K [0x00000000bae00000, 0x00000000bc300000, 0x00000000c0000000)
  object space 21504K, 27% used [0x00000000bae00000,0x00000000bb3c4430,0x00000000bc300000)
}
Event: 48.328 GC heap before
{Heap before GC invocations=47 (full 5):
 PSYoungGen      total 233472K, used 21292K [0x00000000eaa80000, 0x0000000100000000, 0x0000000100000000)
  eden space 117248K, 0% used [0x00000000eaa80000,0x00000000eaa80000,0x00000000f1d00000)
  from space 116224K, 18% used [0x00000000f8e80000,0x00000000fa34b1b0,0x0000000100000000)
  to   space 116224K, 0% used [0x00000000f1d00000,0x00000000f1d00000,0x00000000f8e80000)
 ParOldGen       total 698880K, used 670901K [0x00000000c0000000, 0x00000000eaa80000, 0x00000000eaa80000)
  object space 698880K, 95% used [0x00000000c0000000,0x00000000e8f2d748,0x00000000eaa80000)
 PSPermGen       total 21504K, used 5905K [0x00000000bae00000, 0x00000000bc300000, 0x00000000c0000000)
  object space 21504K, 27% used [0x00000000bae00000,0x00000000bb3c4430,0x00000000bc300000)

Deoptimization events (10 events):
Event: 31.794 Thread 0x00000000025a1000 Uncommon trap: reason=bimorphic action=maybe_recompile pc=0x00000000028ba280 method=com.android.dx.ssa.LiteralOpUpgrader.tryReplacingWithConstant(Lcom/android/dx/ssa/NormalSsaInsn;)Z @ 62
Event: 31.904 Thread 0x00000000025a1000 Uncommon trap: reason=bimorphic action=maybe_recompile pc=0x00000000028ba280 method=com.android.dx.ssa.LiteralOpUpgrader.tryReplacingWithConstant(Lcom/android/dx/ssa/NormalSsaInsn;)Z @ 62
Event: 31.932 Thread 0x00000000025a1000 Uncommon trap: reason=bimorphic action=maybe_recompile pc=0x000000000288b140 method=com.android.dx.ssa.LiteralOpUpgrader.tryReplacingWithConstant(Lcom/android/dx/ssa/NormalSsaInsn;)Z @ 62
Event: 33.684 Thread 0x00000000025a1000 Uncommon trap: reason=range_check action=make_not_entrant pc=0x00000000029a8cbc method=java.util.DualPivotQuicksort.sort([IIIZ)V @ 56
Event: 41.020 Thread 0x00000000025a1000 Uncommon trap: reason=class_check action=maybe_recompile pc=0x00000000027c28d4 method=com.android.dx.ssa.DomFront.calcDomFronts()V @ 101
Event: 41.024 Thread 0x00000000025a1000 Uncommon trap: reason=predicate action=maybe_recompile pc=0x0000000002995994 method=com.android.dx.ssa.SsaConverter.placePhiFunctions(Lcom/android/dx/ssa/SsaMethod;Lcom/android/dx/ssa/LocalVariableInfo;I)V @ 274
Event: 41.025 Thread 0x00000000025a1000 Uncommon trap: reason=predicate action=maybe_recompile pc=0x00000000027f968c method=com.android.dx.ssa.SsaConverter.placePhiFunctions(Lcom/android/dx/ssa/SsaMethod;Lcom/android/dx/ssa/LocalVariableInfo;I)V @ 274
Event: 46.324 Thread 0x000000000843e800 Uncommon trap: reason=unreached action=reinterpret pc=0x00000000029a0618 method=java.lang.ref.Finalizer.remove()V @ 10
Event: 46.324 Thread 0x000000000843e800 Uncommon trap: reason=unreached action=reinterpret pc=0x0000000002928ef0 method=java.lang.ref.Finalizer.remove()V @ 10
Event: 46.324 Thread 0x000000000843e800 Uncommon trap: reason=unreached action=reinterpret pc=0x000000000292873c method=java.lang.ref.Finalizer.remove()V @ 10

Internal exceptions (10 events):
Event: 9.787 Thread 0x00000000025a1000 Threw 0x00000000f14f9758 at C:\re\jdk7u45\229\hotspot\src\share\vm\prims\jvm.cpp:1244
Event: 10.172 Thread 0x00000000025a1000 Implicit null exception at 0x00000000028a1c90 to 0x00000000028a3c85
Event: 10.216 Thread 0x00000000025a1000 Implicit null exception at 0x00000000028fc264 to 0x00000000028fcee0
Event: 11.530 Thread 0x00000000025a1000 Implicit null exception at 0x00000000028f9ccd to 0x00000000028f9d6d
Event: 17.424 Thread 0x00000000025a1000 Threw 0x00000000eabfbb98 at C:\re\jdk7u45\229\hotspot\src\share\vm\prims\jvm.cpp:1244
Event: 17.733 Thread 0x00000000025a1000 Threw 0x00000000ed513358 at C:\re\jdk7u45\229\hotspot\src\share\vm\prims\jvm.cpp:1244
Event: 17.874 Thread 0x00000000025a1000 Implicit null exception at 0x0000000002a020f7 to 0x0000000002a04979
Event: 20.464 Thread 0x00000000025a1000 Implicit null exception at 0x000000000276757c to 0x00000000027677dd
Event: 20.464 Thread 0x00000000025a1000 Implicit null exception at 0x0000000002838da8 to 0x0000000002838ff5
Event: 20.465 Thread 0x00000000025a1000 Implicit null exception at 0x00000000027f531c to 0x00000000027f5429

Events (10 events):
Event: 46.324 Thread 0x000000000843e800 DEOPT UNPACKING pc=0x00000000026d75a4 sp=0x00000000097fed80 mode 2
Event: 46.796 Executing VM operation: ParallelGCFailedAllocation
Event: 46.847 Executing VM operation: ParallelGCFailedAllocation done
Event: 46.974 Thread 0x0000000008477000 flushing nmethod 0x000000000288ad90
Event: 46.975 Thread 0x0000000008477000 flushing nmethod 0x00000000028b9890
Event: 47.319 Executing VM operation: ParallelGCFailedAllocation
Event: 47.377 Executing VM operation: ParallelGCFailedAllocation done
Event: 47.763 Executing VM operation: ParallelGCFailedAllocation
Event: 47.823 Executing VM operation: ParallelGCFailedAllocation done
Event: 48.240 Executing VM operation: ParallelGCFailedAllocation


Dynamic libraries:
0x00007ff6d0060000 - 0x00007ff6d0093000 	C:\Program Files\Java\jdk1.7.0_45\bin\java.exe
0x00007fff97400000 - 0x00007fff975c1000 	C:\Windows\SYSTEM32\ntdll.dll
0x00007fff96b50000 - 0x00007fff96bfd000 	C:\Windows\system32\KERNEL32.DLL
0x00007fff94610000 - 0x00007fff947ed000 	C:\Windows\system32\KERNELBASE.dll
0x00007fff94c30000 - 0x00007fff94cd6000 	C:\Windows\system32\ADVAPI32.dll
0x00007fff970b0000 - 0x00007fff9714d000 	C:\Windows\system32\msvcrt.dll
0x00007fff96cb0000 - 0x00007fff96d0b000 	C:\Windows\system32\sechost.dll
0x00007fff96d10000 - 0x00007fff96e36000 	C:\Windows\system32\RPCRT4.dll
0x00007fff94e90000 - 0x00007fff94fde000 	C:\Windows\system32\USER32.dll
0x00007fff96820000 - 0x00007fff969a6000 	C:\Windows\system32\GDI32.dll
0x00007fff8f020000 - 0x00007fff8f294000 	C:\Windows\WinSxS\amd64_microsoft.windows.common-controls_6595b64144ccf1df_6.0.10240.16384_none_f41f7b285750ef43\COMCTL32.dll
0x00007fff971d0000 - 0x00007fff97206000 	C:\Windows\system32\IMM32.DLL
0x00007fff94ad0000 - 0x00007fff94c2c000 	C:\Windows\system32\MSCTF.dll
0x00007fff93d20000 - 0x00007fff93d51000 	C:\Windows\system32\nvinitx.dll
0x00007fff93d10000 - 0x00007fff93d1a000 	C:\Windows\SYSTEM32\VERSION.dll
0x0000000063550000 - 0x0000000063622000 	C:\Program Files\Java\jdk1.7.0_45\jre\bin\msvcr100.dll
0x0000000062d80000 - 0x0000000063549000 	C:\Program Files\Java\jdk1.7.0_45\jre\bin\server\jvm.dll
0x00007fff96510000 - 0x00007fff96518000 	C:\Windows\system32\PSAPI.DLL
0x00007fff916d0000 - 0x00007fff916d9000 	C:\Windows\SYSTEM32\WSOCK32.dll
0x00007fff97160000 - 0x00007fff971c9000 	C:\Windows\system32\WS2_32.dll
0x00007fff97150000 - 0x00007fff97158000 	C:\Windows\system32\NSI.dll
0x00007fff92360000 - 0x00007fff92383000 	C:\Windows\SYSTEM32\WINMM.dll
0x00007fff92150000 - 0x00007fff9217c000 	C:\Windows\SYSTEM32\WINMMBASE.dll
0x00007fff949c0000 - 0x00007fff94a04000 	C:\Windows\system32\cfgmgr32.dll
0x00007fff926b0000 - 0x00007fff926d7000 	C:\Windows\SYSTEM32\DEVOBJ.dll
0x00000000647d0000 - 0x00000000647df000 	C:\Program Files\Java\jdk1.7.0_45\jre\bin\verify.dll
0x0000000062d50000 - 0x0000000062d78000 	C:\Program Files\Java\jdk1.7.0_45\jre\bin\java.dll
0x00000000636b0000 - 0x00000000636c5000 	C:\Program Files\Java\jdk1.7.0_45\jre\bin\zip.dll
0x0000000062d30000 - 0x0000000062d49000 	C:\Program Files\Java\jdk1.7.0_45\jre\bin\net.dll
0x00007fff93650000 - 0x00007fff936ad000 	C:\Windows\system32\mswsock.dll
0x0000000062d10000 - 0x0000000062d21000 	C:\Program Files\Java\jdk1.7.0_45\jre\bin\nio.dll
0x00007fff8b430000 - 0x00007fff8b5ba000 	C:\Windows\SYSTEM32\dbghelp.dll

VM Arguments:
jvm_args: -Djava.awt.headless=true -Xmx1024M -Dfile.encoding=windows-1252 -Duser.country=US -Duser.language=en -Duser.variant 
java_command: com.android.dx.command.Main --dex --multi-dex --main-dex-list E:\programming\android\project\Ashojash\app\build\intermediates\multi-dex\debug\maindexlist.txt --output E:\programming\android\project\Ashojash\app\build\intermediates\transforms\dex\debug\folders\1000\1f\main E:\programming\android\project\Ashojash\app\build\intermediates\transforms\jarMerging\debug\jars\1\1f\combined.jar
Launcher Type: SUN_STANDARD

Environment Variables:
JAVA_HOME=C:\Program Files\Java\jdk1.8.0_05
PATH=C:\Program Files (x86)\NVIDIA Corporation\PhysX\Common;C:\Program Files (x86)\Python34\;C:\Program Files (x86)\Python34\Scripts;C:\Windows\system32;C:\Windows;C:\Windows\System32\Wbem;C:\Windows\System32\WindowsPowerShell\v1.0\;C:\Program Files (x86)\Intel\OpenCL SDK\3.0\bin\x86;C:\Program Files (x86)\Intel\OpenCL SDK\3.0\bin\x64;C:\Program Files\nodejs\;C:\Program Files\wamp\bin\php\php5.5.12;C:\ProgramData\ComposerSetup\bin;C:\Program Files (x86)\HashiCorp\Vagrant\bin;C:\Users\admin\AppData\Roaming\npm;C:\Ruby21\bin;E:\programming\android\sdk\platform-tools;C:\Users\admin\AppData\Roaming\Composer\vendor\bin
USERNAME=admin
OS=Windows_NT
PROCESSOR_IDENTIFIER=Intel64 Family 6 Model 58 Stepping 9, GenuineIntel



---------------  S Y S T E M  ---------------

OS: Windows 8 , 64 bit Build 9200 

CPU:total 4 (2 cores per cpu, 2 threads per core) family 6 model 58 stepping 9, cmov, cx8, fxsr, mmx, sse, sse2, sse3, ssse3, sse4.1, sse4.2, popcnt, avx, aes, erms, ht, tsc, tscinvbit, tscinv

Memory: 4k page, physical 12477216k(2973516k free), swap 14377760k(2382084k free)

vm_info: Java HotSpot(TM) 64-Bit Server VM (24.45-b08) for windows-amd64 JRE (1.7.0_45-b18), built on Oct  8 2013 05:47:22 by "java_re" with unknown MS VC++:1600

time: Sun Feb 07 20:17:47 2016
elapsed time: 49 seconds

